Using pre-set license
Built from '2020.3/release' branch; Version is '2020.3.1f1 (77a89f25062f) revision 7841951'; Using compiler version '192528614'; Build Type 'Release'
OS: 'Windows 10 Pro; OS build 19041.867; Version 2004; 64bit' Language: 'en' Physical Memory: 16348 MB
BatchMode: 1, IsHumanControllingUs: 0, StartBugReporterOnCrash: 0, Is64bit: 1, IsPro: 0

 COMMAND LINE ARGUMENTS:
C:\Program Files\Unity\Hub\Editor\2020.3.1f1\Editor\Unity.exe
-adb2
-batchMode
-noUpm
-name
AssetImportWorker0
-projectPath
C:/Users/Shane/Documents/GitHub/3D-Beginner
-logFile
Logs/AssetImportWorker0.log
-srvPort
57017
Successfully changed project path to: C:/Users/Shane/Documents/GitHub/3D-Beginner
C:/Users/Shane/Documents/GitHub/3D-Beginner
Using Asset Import Pipeline V2.
Refreshing native plugins compatible for Editor in 66.18 ms, found 0 plugins.
Preloading 0 native plugins for Editor in 0.00 ms.
Initialize engine version: 2020.3.1f1 (77a89f25062f)
[Subsystems] Discovering subsystems at path C:/Program Files/Unity/Hub/Editor/2020.3.1f1/Editor/Data/Resources/UnitySubsystems
[Subsystems] Discovering subsystems at path C:/Users/Shane/Documents/GitHub/3D-Beginner/Assets
GfxDevice: creating device client; threaded=0
Direct3D:
    Version:  Direct3D 11.0 [level 11.1]
    Renderer: NVIDIA GeForce GTX 1060 6GB (ID=0x1c03)
    Vendor:   
    VRAM:     6052 MB
    Driver:   27.21.14.5671
Initialize mono
Mono path[0] = 'C:/Program Files/Unity/Hub/Editor/2020.3.1f1/Editor/Data/Managed'
Mono path[1] = 'C:/Program Files/Unity/Hub/Editor/2020.3.1f1/Editor/Data/MonoBleedingEdge/lib/mono/unityjit'
Mono config path = 'C:/Program Files/Unity/Hub/Editor/2020.3.1f1/Editor/Data/MonoBleedingEdge/etc'
Using monoOptions --debugger-agent=transport=dt_socket,embedding=1,server=y,suspend=n,address=127.0.0.1:56096
Begin MonoManager ReloadAssembly
Registering precompiled unity dll's ...
Register platform support module: C:/Program Files/Unity/Hub/Editor/2020.3.1f1/Editor/Data/PlaybackEngines/WebGLSupport/UnityEditor.WebGL.Extensions.dll
Register platform support module: C:/Program Files/Unity/Hub/Editor/2020.3.1f1/Editor/Data/PlaybackEngines/WindowsStandaloneSupport/UnityEditor.WindowsStandalone.Extensions.dll
Registered in 0.002505 seconds.
Native extension for WindowsStandalone target not found
Native extension for WebGL target not found
Refreshing native plugins compatible for Editor in 52.03 ms, found 0 plugins.
Preloading 0 native plugins for Editor in 0.00 ms.
Invoked RoslynAnalysisRunner static constructor.
RoslynAnalysisRunner will not be running.
RoslynAnalysisRunner has terminated.
Mono: successfully reloaded assembly
- Completed reload, in  1.366 seconds
Platform modules already initialized, skipping
Registering precompiled user dll's ...
Registered in 0.005400 seconds.
Begin MonoManager ReloadAssembly
Native extension for WindowsStandalone target not found
Native extension for WebGL target not found
Refreshing native plugins compatible for Editor in 1.01 ms, found 0 plugins.
Preloading 0 native plugins for Editor in 0.00 ms.
Invoked RoslynAnalysisRunner static constructor.
RoslynAnalysisRunner will not be running.
RoslynAnalysisRunner has terminated.
Mono: successfully reloaded assembly
- Completed reload, in  1.042 seconds
Platform modules already initialized, skipping
========================================================================
Worker process is ready to serve import requests
Launched and connected shader compiler UnityShaderCompiler.exe after 0.06 seconds
Refreshing native plugins compatible for Editor in 0.81 ms, found 0 plugins.
Preloading 0 native plugins for Editor in 0.00 ms.
Unloading 1808 Unused Serialized files (Serialized files now loaded: 0)
System memory in use before: 83.9 MB.
System memory in use after: 84.0 MB.

Unloading 38 unused Assets to reduce memory usage. Loaded Objects now: 2235.
Total: 1.868500 ms (FindLiveObjects: 0.177500 ms CreateObjectMapping: 0.063100 ms MarkObjects: 1.521700 ms  DeleteObjects: 0.105200 ms)

========================================================================
Received Import Request.
  path: Assets/Readme.asset
  artifactKey: Guid(5aa8565dc31eb3f4a97f05eb11fe8445) Importer(815301076,1909f56bfc062723c751e8b465ee728b)
Start importing Assets/Readme.asset using Guid(5aa8565dc31eb3f4a97f05eb11fe8445) Importer(815301076,1909f56bfc062723c751e8b465ee728b)  -> (artifact id: 'e60ad7e5c92793818d637d672e40963c') in 0.057922 seconds
  Import took 0.061733 seconds .

========================================================================
Received Import Request.
  Time since last request: 97.428051 seconds.
  path: Assets/Prefabs/JohnLemon.prefab
  artifactKey: Guid(55e48e3fcf617421aae21f977c37ad49) Importer(815301076,1909f56bfc062723c751e8b465ee728b)
Start importing Assets/Prefabs/JohnLemon.prefab using Guid(55e48e3fcf617421aae21f977c37ad49) Importer(815301076,1909f56bfc062723c751e8b465ee728b)  -> (artifact id: '80991e11a9d90758ee52da2b9819b824') in 0.472533 seconds
  Import took 0.477406 seconds .

========================================================================
Received Import Request.
  Time since last request: 0.000302 seconds.
  path: Assets/Prefabs/Level.prefab
  artifactKey: Guid(549c69af39b84624b8a053537c407def) Importer(815301076,1909f56bfc062723c751e8b465ee728b)
Start importing Assets/Prefabs/Level.prefab using Guid(549c69af39b84624b8a053537c407def) Importer(815301076,1909f56bfc062723c751e8b465ee728b)  -> (artifact id: 'd5f988993795a40539ee6ac2c1bb132a') in 4.409826 seconds
  Import took 4.424770 seconds .

========================================================================
Received Import Request.
  Time since last request: 3.273482 seconds.
  path: Assets/Audio/SFXBuzzingLight.wav
  artifactKey: Guid(86e0f005f0b8e084698c2cf61bb6c2b6) Importer(815301076,1909f56bfc062723c751e8b465ee728b)
Start importing Assets/Audio/SFXBuzzingLight.wav using Guid(86e0f005f0b8e084698c2cf61bb6c2b6) Importer(815301076,1909f56bfc062723c751e8b465ee728b)  -> (artifact id: 'eb369468cd4a73dc1c641554fbf57eef') in 0.067766 seconds
  Import took 0.071057 seconds .

========================================================================
Received Import Request.
  Time since last request: 0.000352 seconds.
  path: Assets/Audio/SFXHouseAmbience.wav
  artifactKey: Guid(205287722f2b6b64583b86d65fdeeb11) Importer(815301076,1909f56bfc062723c751e8b465ee728b)
Start importing Assets/Audio/SFXHouseAmbience.wav using Guid(205287722f2b6b64583b86d65fdeeb11) Importer(815301076,1909f56bfc062723c751e8b465ee728b)  -> (artifact id: '4e3a8fde09d01c7804fe8c2dfaa653e2') in 0.021639 seconds
  Import took 0.024695 seconds .

========================================================================
Received Import Request.
  Time since last request: 0.000300 seconds.
  path: Assets/Audio/SFXWin.wav
  artifactKey: Guid(c0f716a9e9ac00c438b95158ba195a58) Importer(815301076,1909f56bfc062723c751e8b465ee728b)
Start importing Assets/Audio/SFXWin.wav using Guid(c0f716a9e9ac00c438b95158ba195a58) Importer(815301076,1909f56bfc062723c751e8b465ee728b)  -> (artifact id: '25016039b9d560c10a36fd439fa09070') in 0.015188 seconds
  Import took 0.018893 seconds .

========================================================================
Received Import Request.
  Time since last request: 0.000443 seconds.
  path: Assets/Audio/SFXFootstepsLooping.wav
  artifactKey: Guid(07e520bb410492d47bf739846d70f2a3) Importer(815301076,1909f56bfc062723c751e8b465ee728b)
Start importing Assets/Audio/SFXFootstepsLooping.wav using Guid(07e520bb410492d47bf739846d70f2a3) Importer(815301076,1909f56bfc062723c751e8b465ee728b)  -> (artifact id: '438ace0f91f4798ee5f6fae91f0a62de') in 0.017773 seconds
  Import took 0.042515 seconds .

========================================================================
Received Import Request.
  Time since last request: 0.000209 seconds.
  path: Assets/Audio/SFXGhostMove.wav
  artifactKey: Guid(98ea14dfdb9dce74a976520f134fd1a2) Importer(815301076,1909f56bfc062723c751e8b465ee728b)
Start importing Assets/Audio/SFXGhostMove.wav using Guid(98ea14dfdb9dce74a976520f134fd1a2) Importer(815301076,1909f56bfc062723c751e8b465ee728b)  -> (artifact id: 'b49cafa54d3d4d8fd089c6e3df583bd6') in 0.016252 seconds
  Import took 0.020017 seconds .

========================================================================
Received Import Request.
  Time since last request: 0.000190 seconds.
  path: Assets/Audio/SFXGameOver.wav
  artifactKey: Guid(2789d5ce62baaba4ab1ee8bb172304a6) Importer(815301076,1909f56bfc062723c751e8b465ee728b)
Start importing Assets/Audio/SFXGameOver.wav using Guid(2789d5ce62baaba4ab1ee8bb172304a6) Importer(815301076,1909f56bfc062723c751e8b465ee728b)  -> (artifact id: '3dcb8895496dc23e1ef6759d7b8e5ed5') in 0.013966 seconds
  Import took 0.017465 seconds .

========================================================================
Received Import Request.
  Time since last request: 0.000255 seconds.
  path: Assets/Audio/SFXCandle.wav
  artifactKey: Guid(dd7f55e125ee8f947b2f399e20aeec8c) Importer(815301076,1909f56bfc062723c751e8b465ee728b)
Start importing Assets/Audio/SFXCandle.wav using Guid(dd7f55e125ee8f947b2f399e20aeec8c) Importer(815301076,1909f56bfc062723c751e8b465ee728b)  -> (artifact id: '39a7db94be7ce9d265776e2e2f8c4bcb') in 0.015061 seconds
  Import took 0.019032 seconds .

========================================================================
Received Import Request.
  Time since last request: 8.319365 seconds.
  path: Assets/Scenes/MainScene
  artifactKey: Guid(ea08c7b38ae8a4e5f953d94a4a5658ef) Importer(815301076,1909f56bfc062723c751e8b465ee728b)
Start importing Assets/Scenes/MainScene using Guid(ea08c7b38ae8a4e5f953d94a4a5658ef) Importer(815301076,1909f56bfc062723c751e8b465ee728b)  -> (artifact id: 'aaa5959e4811a224ee1491f5dfea546c') in 0.006335 seconds
  Import took 0.009922 seconds .

========================================================================
Received Import Request.
  Time since last request: 0.002334 seconds.
  path: Assets/Scenes/MainScene
  artifactKey: Guid(ea08c7b38ae8a4e5f953d94a4a5658ef) Importer(815301076,1909f56bfc062723c751e8b465ee728b)
Start importing Assets/Scenes/MainScene using Guid(ea08c7b38ae8a4e5f953d94a4a5658ef) Importer(815301076,1909f56bfc062723c751e8b465ee728b)  -> (artifact id: 'aaa5959e4811a224ee1491f5dfea546c') in 0.004536 seconds
  Import took 0.008842 seconds .

========================================================================
Received Import Request.
  Time since last request: 1.878008 seconds.
  path: Assets/Scenes/MainScene/NavMesh.asset
  artifactKey: Guid(5feac6ea5608e4f3ea9ee4115f5bd44c) Importer(815301076,1909f56bfc062723c751e8b465ee728b)
Start importing Assets/Scenes/MainScene/NavMesh.asset using Guid(5feac6ea5608e4f3ea9ee4115f5bd44c) Importer(815301076,1909f56bfc062723c751e8b465ee728b)  -> (artifact id: '93f8d100549e23104bc84081933ee55d') in 0.007921 seconds
  Import took 0.010966 seconds .

========================================================================
Received Import Request.
  Time since last request: 17.456661 seconds.
  path: Assets/Scenes/MainScene.unity
  artifactKey: Guid(701bb343587544ebd9153fe07e8d91bd) Importer(815301076,1909f56bfc062723c751e8b465ee728b)
Start importing Assets/Scenes/MainScene.unity using Guid(701bb343587544ebd9153fe07e8d91bd) Importer(815301076,1909f56bfc062723c751e8b465ee728b)  -> (artifact id: '900cd434bbe7f8591e2529185bdc69e5') in 0.013019 seconds
  Import took 0.017055 seconds .

========================================================================
Received Prepare
Registering precompiled user dll's ...
Registered in 0.008912 seconds.
Begin MonoManager ReloadAssembly
Native extension for WindowsStandalone target not found
Native extension for WebGL target not found
Refreshing native plugins compatible for Editor in 0.88 ms, found 0 plugins.
Preloading 0 native plugins for Editor in 0.00 ms.
Invoked RoslynAnalysisRunner static constructor.
RoslynAnalysisRunner will not be running.
RoslynAnalysisRunner has terminated.
Mono: successfully reloaded assembly
- Completed reload, in  1.871 seconds
Platform modules already initialized, skipping
Refreshing native plugins compatible for Editor in 0.50 ms, found 0 plugins.
Preloading 0 native plugins for Editor in 0.00 ms.
Unloading 1772 Unused Serialized files (Serialized files now loaded: 0)
System memory in use before: 157.2 MB.
System memory in use after: 157.3 MB.

Unloading 29 unused Assets to reduce memory usage. Loaded Objects now: 2255.
Total: 2.152100 ms (FindLiveObjects: 0.210000 ms CreateObjectMapping: 0.085300 ms MarkObjects: 1.833100 ms  DeleteObjects: 0.022500 ms)

========================================================================
Received Import Request.
  Time since last request: 264.525604 seconds.
  path: Assets/Models/Characters/Gargoyle.fbx
  artifactKey: Guid(d3312d02a690eda48bd6807bf5c78084) Importer(815301076,1909f56bfc062723c751e8b465ee728b)
Start importing Assets/Models/Characters/Gargoyle.fbx using Guid(d3312d02a690eda48bd6807bf5c78084) Importer(815301076,1909f56bfc062723c751e8b465ee728b)  -> (artifact id: '666591651c3a5715224482d2f3bad77f') in 0.418484 seconds
  Import took 0.422382 seconds .

========================================================================
Received Import Request.
  Time since last request: 0.000274 seconds.
  path: Assets/Models/Characters/Ghost.fbx
  artifactKey: Guid(563ac48ff656d49478fd93213f4c0eb8) Importer(815301076,1909f56bfc062723c751e8b465ee728b)
Start importing Assets/Models/Characters/Ghost.fbx using Guid(563ac48ff656d49478fd93213f4c0eb8) Importer(815301076,1909f56bfc062723c751e8b465ee728b)  -> (artifact id: 'f21379e5473b7f5a3d8b34cabbe986d1') in 0.034050 seconds
  Import took 0.040611 seconds .

========================================================================
Received Import Request.
  Time since last request: 0.000260 seconds.
  path: Assets/Models/Characters/JohnLemon.fbx
  artifactKey: Guid(b44f3940c4940544a8c2c6aee5fa086f) Importer(815301076,1909f56bfc062723c751e8b465ee728b)
Start importing Assets/Models/Characters/JohnLemon.fbx using Guid(b44f3940c4940544a8c2c6aee5fa086f) Importer(815301076,1909f56bfc062723c751e8b465ee728b)  -> (artifact id: '75b977d3f574c7fb310d5f8c3ad9d132') in 0.038364 seconds
  Import took 0.042289 seconds .

========================================================================
Received Import Request.
  Time since last request: 37.680967 seconds.
  path: Assets/Prefabs
  artifactKey: Guid(9b0f9186b9caf554f82133b3d58436ef) Importer(815301076,1909f56bfc062723c751e8b465ee728b)
Start importing Assets/Prefabs using Guid(9b0f9186b9caf554f82133b3d58436ef) Importer(815301076,1909f56bfc062723c751e8b465ee728b)  -> (artifact id: 'd5c9cd13ca4a5e1d2b91629b277ddb61') in 0.023039 seconds
  Import took 0.030566 seconds .

========================================================================
Received Import Request.
  Time since last request: 10.769563 seconds.
  path: Assets/Prefabs/Gargoyle.prefab
  artifactKey: Guid(5e60993358bb0df45a14ab83bfcdbd4b) Importer(815301076,1909f56bfc062723c751e8b465ee728b)
Start importing Assets/Prefabs/Gargoyle.prefab using Guid(5e60993358bb0df45a14ab83bfcdbd4b) Importer(815301076,1909f56bfc062723c751e8b465ee728b)  -> (artifact id: '86523ce771f9ced72820b99bed7a3298') in 0.021398 seconds
  Import took 0.026256 seconds .

========================================================================
Received Import Request.
  Time since last request: 51.393969 seconds.
  path: Assets/Animation
  artifactKey: Guid(1f19bea6983d93d4083ef7ffa4b8bdfb) Importer(815301076,1909f56bfc062723c751e8b465ee728b)
Start importing Assets/Animation using Guid(1f19bea6983d93d4083ef7ffa4b8bdfb) Importer(815301076,1909f56bfc062723c751e8b465ee728b)  -> (artifact id: 'bdaec10d4d88f351942be37155194982') in 0.013418 seconds
  Import took 0.016945 seconds .

========================================================================
Received Import Request.
  Time since last request: 5.253167 seconds.
  path: Assets/Animation/Animators
  artifactKey: Guid(3e1ff1aa196645e4a912d1c3bb76a860) Importer(815301076,1909f56bfc062723c751e8b465ee728b)
Start importing Assets/Animation/Animators using Guid(3e1ff1aa196645e4a912d1c3bb76a860) Importer(815301076,1909f56bfc062723c751e8b465ee728b)  -> (artifact id: '58c55672495c470127674428bb0af941') in 0.014513 seconds
  Import took 0.018665 seconds .

========================================================================
Received Import Request.
  Time since last request: 171.100618 seconds.
  path: Assets/Animation/Animators/Gargoyle.controller
  artifactKey: Guid(7915c492e6b37b547844f2f8772e879f) Importer(815301076,1909f56bfc062723c751e8b465ee728b)
Start importing Assets/Animation/Animators/Gargoyle.controller using Guid(7915c492e6b37b547844f2f8772e879f) Importer(815301076,1909f56bfc062723c751e8b465ee728b)  -> (artifact id: '5ef5f284c6e2556054f8ac3e996a24c7') in 0.015873 seconds
  Import took 0.020426 seconds .

========================================================================
Received Import Request.
  Time since last request: 21.678744 seconds.
  path: Assets/Animation/Animation
  artifactKey: Guid(16c12986779f71343a6e6759d132b35e) Importer(815301076,1909f56bfc062723c751e8b465ee728b)
Start importing Assets/Animation/Animation using Guid(16c12986779f71343a6e6759d132b35e) Importer(815301076,1909f56bfc062723c751e8b465ee728b)  -> (artifact id: '1f8ccf3c97a427f66416920e60a93375') in 0.004025 seconds
  Import took 0.007677 seconds .

========================================================================
Received Import Request.
  Time since last request: 0.061376 seconds.
  path: Assets/Animation/Animation/Gargoyle@Idle.fbx
  artifactKey: Guid(475d389e70692ca4abb09caca1aef9ae) Importer(815301076,1909f56bfc062723c751e8b465ee728b)
Start importing Assets/Animation/Animation/Gargoyle@Idle.fbx using Guid(475d389e70692ca4abb09caca1aef9ae) Importer(815301076,1909f56bfc062723c751e8b465ee728b)  -> (artifact id: '4958374860f90336a7c2dab234748cfb') in 0.037912 seconds
  Import took 0.041943 seconds .

========================================================================
Received Import Request.
  Time since last request: 0.000251 seconds.
  path: Assets/Animation/Animation/John@Idle.fbx
  artifactKey: Guid(873202b19b03a8a4e976f0b15d21cd24) Importer(815301076,1909f56bfc062723c751e8b465ee728b)
Start importing Assets/Animation/Animation/John@Idle.fbx using Guid(873202b19b03a8a4e976f0b15d21cd24) Importer(815301076,1909f56bfc062723c751e8b465ee728b)  -> (artifact id: '89c3c5ba63dc49cb93fb8ad997bef5fe') in 0.036606 seconds
  Import took 0.042028 seconds .

========================================================================
Received Import Request.
  Time since last request: 0.000314 seconds.
  path: Assets/Animation/Animation/Ghost@Walk.fbx
  artifactKey: Guid(2017cad317b564c409a9e5bd02341461) Importer(815301076,1909f56bfc062723c751e8b465ee728b)
Start importing Assets/Animation/Animation/Ghost@Walk.fbx using Guid(2017cad317b564c409a9e5bd02341461) Importer(815301076,1909f56bfc062723c751e8b465ee728b)  -> (artifact id: '9ef26025a41e4cf3e951773cc362306b') in 0.032789 seconds
  Import took 0.036114 seconds .

========================================================================
Received Import Request.
  Time since last request: 0.000205 seconds.
  path: Assets/Animation/Animation/John@Walk.fbx
  artifactKey: Guid(da1625e6a723d1745a6ba7f6565a130f) Importer(815301076,1909f56bfc062723c751e8b465ee728b)
Start importing Assets/Animation/Animation/John@Walk.fbx using Guid(da1625e6a723d1745a6ba7f6565a130f) Importer(815301076,1909f56bfc062723c751e8b465ee728b)  -> (artifact id: '51a42e0af940c829acb76aa54b7104c0') in 0.029550 seconds
  Import took 0.032857 seconds .

========================================================================
Received Import Request.
  Time since last request: 0.000228 seconds.
  path: Assets/Animation/Animation/Ghost@Shower.fbx
  artifactKey: Guid(4c7b6999390a2c24498d13e4084b200f) Importer(815301076,1909f56bfc062723c751e8b465ee728b)
Start importing Assets/Animation/Animation/Ghost@Shower.fbx using Guid(4c7b6999390a2c24498d13e4084b200f) Importer(815301076,1909f56bfc062723c751e8b465ee728b)  -> (artifact id: 'fcd6930b1b1894b260abb36553a4e0f5') in 0.027337 seconds
  Import took 0.030314 seconds .

========================================================================
Received Prepare
Registering precompiled user dll's ...
Registered in 0.007269 seconds.
Begin MonoManager ReloadAssembly
Native extension for WindowsStandalone target not found
Native extension for WebGL target not found
Refreshing native plugins compatible for Editor in 0.50 ms, found 0 plugins.
Preloading 0 native plugins for Editor in 0.00 ms.
Invoked RoslynAnalysisRunner static constructor.
RoslynAnalysisRunner will not be running.
RoslynAnalysisRunner has terminated.
Mono: successfully reloaded assembly
- Completed reload, in  1.576 seconds
Platform modules already initialized, skipping
Refreshing native plugins compatible for Editor in 0.67 ms, found 0 plugins.
Preloading 0 native plugins for Editor in 0.00 ms.
Unloading 1771 Unused Serialized files (Serialized files now loaded: 0)
System memory in use before: 157.6 MB.
System memory in use after: 157.7 MB.

Unloading 30 unused Assets to reduce memory usage. Loaded Objects now: 2262.
Total: 3.165800 ms (FindLiveObjects: 0.264000 ms CreateObjectMapping: 0.198500 ms MarkObjects: 2.673700 ms  DeleteObjects: 0.028100 ms)

========================================================================
Received Prepare
Registering precompiled user dll's ...
Registered in 0.006915 seconds.
Begin MonoManager ReloadAssembly
Native extension for WindowsStandalone target not found
Native extension for WebGL target not found
Refreshing native plugins compatible for Editor in 0.55 ms, found 0 plugins.
Preloading 0 native plugins for Editor in 0.00 ms.
Invoked RoslynAnalysisRunner static constructor.
RoslynAnalysisRunner will not be running.
RoslynAnalysisRunner has terminated.
Mono: successfully reloaded assembly
- Completed reload, in  1.725 seconds
Platform modules already initialized, skipping
Refreshing native plugins compatible for Editor in 4.48 ms, found 0 plugins.
Preloading 0 native plugins for Editor in 0.00 ms.
Unloading 1771 Unused Serialized files (Serialized files now loaded: 0)
System memory in use before: 157.6 MB.
System memory in use after: 157.7 MB.

Unloading 29 unused Assets to reduce memory usage. Loaded Objects now: 2265.
Total: 4.561300 ms (FindLiveObjects: 0.179600 ms CreateObjectMapping: 0.074500 ms MarkObjects: 4.003400 ms  DeleteObjects: 0.302000 ms)

========================================================================
Received Import Request.
  Time since last request: 504.859293 seconds.
  path: Assets/Prefabs/Gargoyle.prefab
  artifactKey: Guid(5e60993358bb0df45a14ab83bfcdbd4b) Importer(815301076,1909f56bfc062723c751e8b465ee728b)
Start importing Assets/Prefabs/Gargoyle.prefab using Guid(5e60993358bb0df45a14ab83bfcdbd4b) Importer(815301076,1909f56bfc062723c751e8b465ee728b)  -> (artifact id: '9c1a9c72ac54aca12bbe390b4157318e') in 0.075143 seconds
  Import took 0.079426 seconds .

========================================================================
Received Import Request.
  Time since last request: 22.713655 seconds.
  path: Assets/Prefabs/Gargoyle.prefab
  artifactKey: Guid(5e60993358bb0df45a14ab83bfcdbd4b) Importer(815301076,1909f56bfc062723c751e8b465ee728b)
Start importing Assets/Prefabs/Gargoyle.prefab using Guid(5e60993358bb0df45a14ab83bfcdbd4b) Importer(815301076,1909f56bfc062723c751e8b465ee728b)  -> (artifact id: 'cf56c6fab1b5b8f3158b991628b78c74') in 0.027123 seconds
  Import took 0.030901 seconds .

========================================================================
Received Import Request.
  Time since last request: 4.806335 seconds.
  path: Assets/Prefabs/Gargoyle.prefab
  artifactKey: Guid(5e60993358bb0df45a14ab83bfcdbd4b) Importer(815301076,1909f56bfc062723c751e8b465ee728b)
Start importing Assets/Prefabs/Gargoyle.prefab using Guid(5e60993358bb0df45a14ab83bfcdbd4b) Importer(815301076,1909f56bfc062723c751e8b465ee728b)  -> (artifact id: '3091e34cf70eef07748d854a294ca2e8') in 0.026129 seconds
  Import took 0.030042 seconds .

========================================================================
Received Import Request.
  Time since last request: 13.507438 seconds.
  path: Assets/Prefabs/Gargoyle.prefab
  artifactKey: Guid(5e60993358bb0df45a14ab83bfcdbd4b) Importer(815301076,1909f56bfc062723c751e8b465ee728b)
Start importing Assets/Prefabs/Gargoyle.prefab using Guid(5e60993358bb0df45a14ab83bfcdbd4b) Importer(815301076,1909f56bfc062723c751e8b465ee728b)  -> (artifact id: '2758540206611e0468693a08de06fecc') in 0.026354 seconds
  Import took 0.030044 seconds .

========================================================================
Received Import Request.
  Time since last request: 2.436997 seconds.
  path: Assets/Prefabs/Gargoyle.prefab
  artifactKey: Guid(5e60993358bb0df45a14ab83bfcdbd4b) Importer(815301076,1909f56bfc062723c751e8b465ee728b)
Start importing Assets/Prefabs/Gargoyle.prefab using Guid(5e60993358bb0df45a14ab83bfcdbd4b) Importer(815301076,1909f56bfc062723c751e8b465ee728b)  -> (artifact id: '2aaebc3199cf205b16da2de24409a509') in 0.029266 seconds
  Import took 0.032922 seconds .

========================================================================
Received Prepare
Registering precompiled user dll's ...
Registered in 0.004591 seconds.
Begin MonoManager ReloadAssembly
Native extension for WindowsStandalone target not found
Native extension for WebGL target not found
Refreshing native plugins compatible for Editor in 0.48 ms, found 0 plugins.
Preloading 0 native plugins for Editor in 0.00 ms.
Invoked RoslynAnalysisRunner static constructor.
RoslynAnalysisRunner will not be running.
RoslynAnalysisRunner has terminated.
Mono: successfully reloaded assembly
- Completed reload, in  0.900 seconds
Platform modules already initialized, skipping
Refreshing native plugins compatible for Editor in 0.52 ms, found 0 plugins.
Preloading 0 native plugins for Editor in 0.00 ms.
Unloading 1771 Unused Serialized files (Serialized files now loaded: 0)
System memory in use before: 157.6 MB.
System memory in use after: 157.7 MB.

Unloading 29 unused Assets to reduce memory usage. Loaded Objects now: 2269.
Total: 2.211100 ms (FindLiveObjects: 0.188000 ms CreateObjectMapping: 0.062600 ms MarkObjects: 1.923600 ms  DeleteObjects: 0.035400 ms)

========================================================================
Received Prepare
Registering precompiled user dll's ...
Registered in 0.004706 seconds.
Begin MonoManager ReloadAssembly
Native extension for WindowsStandalone target not found
Native extension for WebGL target not found
Refreshing native plugins compatible for Editor in 2.56 ms, found 0 plugins.
Preloading 0 native plugins for Editor in 0.00 ms.
Invoked RoslynAnalysisRunner static constructor.
RoslynAnalysisRunner will not be running.
RoslynAnalysisRunner has terminated.
Mono: successfully reloaded assembly
- Completed reload, in  1.838 seconds
Platform modules already initialized, skipping
Refreshing native plugins compatible for Editor in 0.48 ms, found 0 plugins.
Preloading 0 native plugins for Editor in 0.00 ms.
Unloading 1771 Unused Serialized files (Serialized files now loaded: 0)
System memory in use before: 157.6 MB.
System memory in use after: 157.8 MB.

Unloading 29 unused Assets to reduce memory usage. Loaded Objects now: 2272.
Total: 1.987900 ms (FindLiveObjects: 0.170800 ms CreateObjectMapping: 0.061500 ms MarkObjects: 1.734200 ms  DeleteObjects: 0.020500 ms)

========================================================================
Received Import Request.
  Time since last request: 33419.384847 seconds.
  path: Assets/Scripts
  artifactKey: Guid(4b32d296f22ef544caf49758d8111991) Importer(815301076,1909f56bfc062723c751e8b465ee728b)
Start importing Assets/Scripts using Guid(4b32d296f22ef544caf49758d8111991) Importer(815301076,1909f56bfc062723c751e8b465ee728b)  -> (artifact id: 'ff0850821a7a9128ef395d7d78899716') in 0.023246 seconds
  Import took 0.028622 seconds .

========================================================================
Received Import Request.
  Time since last request: 41.481473 seconds.
  path: Assets/Scripts/Observer.cs
  artifactKey: Guid(7f89904e11b45c949be281af49ab195a) Importer(815301076,1909f56bfc062723c751e8b465ee728b)
Start importing Assets/Scripts/Observer.cs using Guid(7f89904e11b45c949be281af49ab195a) Importer(815301076,1909f56bfc062723c751e8b465ee728b)  -> (artifact id: 'dadf6e287de0ccd5d63152674a19bc43') in 0.039549 seconds
  Import took 0.054670 seconds .

========================================================================
Received Prepare
Registering precompiled user dll's ...
Registered in 0.004731 seconds.
Begin MonoManager ReloadAssembly
Native extension for WindowsStandalone target not found
Native extension for WebGL target not found
Refreshing native plugins compatible for Editor in 0.48 ms, found 0 plugins.
Preloading 0 native plugins for Editor in 0.00 ms.
Invoked RoslynAnalysisRunner static constructor.
RoslynAnalysisRunner will not be running.
RoslynAnalysisRunner has terminated.
Mono: successfully reloaded assembly
- Completed reload, in  0.916 seconds
Platform modules already initialized, skipping
Refreshing native plugins compatible for Editor in 0.49 ms, found 0 plugins.
Preloading 0 native plugins for Editor in 0.00 ms.
Unloading 1772 Unused Serialized files (Serialized files now loaded: 0)
System memory in use before: 157.7 MB.
System memory in use after: 157.8 MB.

Unloading 29 unused Assets to reduce memory usage. Loaded Objects now: 2276.
Total: 1.951200 ms (FindLiveObjects: 0.231100 ms CreateObjectMapping: 0.061500 ms MarkObjects: 1.637700 ms  DeleteObjects: 0.019600 ms)

========================================================================
Received Prepare
Registering precompiled user dll's ...
Registered in 0.008075 seconds.
Begin MonoManager ReloadAssembly
Native extension for WindowsStandalone target not found
Native extension for WebGL target not found
Refreshing native plugins compatible for Editor in 0.49 ms, found 0 plugins.
Preloading 0 native plugins for Editor in 0.00 ms.
Invoked RoslynAnalysisRunner static constructor.
RoslynAnalysisRunner will not be running.
RoslynAnalysisRunner has terminated.
Mono: successfully reloaded assembly
- Completed reload, in  0.961 seconds
Platform modules already initialized, skipping
Refreshing native plugins compatible for Editor in 0.49 ms, found 0 plugins.
Preloading 0 native plugins for Editor in 0.00 ms.
Unloading 1772 Unused Serialized files (Serialized files now loaded: 0)
System memory in use before: 157.7 MB.
System memory in use after: 157.8 MB.

Unloading 29 unused Assets to reduce memory usage. Loaded Objects now: 2279.
Total: 2.574500 ms (FindLiveObjects: 0.407900 ms CreateObjectMapping: 0.149800 ms MarkObjects: 1.992000 ms  DeleteObjects: 0.023000 ms)

========================================================================
Received Import Request.
  Time since last request: 555.646914 seconds.
  path: Assets/Scripts/GameEnding.cs
  artifactKey: Guid(5da7876c950444ddca02cc73a9eb95fb) Importer(815301076,1909f56bfc062723c751e8b465ee728b)
Start importing Assets/Scripts/GameEnding.cs using Guid(5da7876c950444ddca02cc73a9eb95fb) Importer(815301076,1909f56bfc062723c751e8b465ee728b)  -> (artifact id: '487fed9b46cb5837675a05c158a39c42') in 0.015075 seconds
  Import took 0.019963 seconds .

========================================================================
Received Import Request.
  Time since last request: 0.002410 seconds.
  path: Assets/Scripts/GameEnding.cs
  artifactKey: Guid(5da7876c950444ddca02cc73a9eb95fb) Importer(815301076,1909f56bfc062723c751e8b465ee728b)
Start importing Assets/Scripts/GameEnding.cs using Guid(5da7876c950444ddca02cc73a9eb95fb) Importer(815301076,1909f56bfc062723c751e8b465ee728b)  -> (artifact id: '487fed9b46cb5837675a05c158a39c42') in 0.004091 seconds
  Import took 0.008566 seconds .

========================================================================
Received Prepare
Registering precompiled user dll's ...
Registered in 0.004364 seconds.
Begin MonoManager ReloadAssembly
Native extension for WindowsStandalone target not found
Native extension for WebGL target not found
Refreshing native plugins compatible for Editor in 0.61 ms, found 0 plugins.
Preloading 0 native plugins for Editor in 0.00 ms.
Invoked RoslynAnalysisRunner static constructor.
RoslynAnalysisRunner will not be running.
RoslynAnalysisRunner has terminated.
Mono: successfully reloaded assembly
- Completed reload, in  0.966 seconds
Platform modules already initialized, skipping
Refreshing native plugins compatible for Editor in 0.54 ms, found 0 plugins.
Preloading 0 native plugins for Editor in 0.00 ms.
Unloading 1772 Unused Serialized files (Serialized files now loaded: 0)
System memory in use before: 157.7 MB.
System memory in use after: 157.8 MB.

Unloading 29 unused Assets to reduce memory usage. Loaded Objects now: 2282.
Total: 2.294100 ms (FindLiveObjects: 0.202000 ms CreateObjectMapping: 0.072900 ms MarkObjects: 1.981200 ms  DeleteObjects: 0.036600 ms)

========================================================================
Received Import Request.
  Time since last request: 996.155833 seconds.
  path: Assets/Textures/UI/Caught.png
  artifactKey: Guid(85d46c7add1129741a0d78fadba6998e) Importer(815301076,1909f56bfc062723c751e8b465ee728b)
Start importing Assets/Textures/UI/Caught.png using Guid(85d46c7add1129741a0d78fadba6998e) Importer(815301076,1909f56bfc062723c751e8b465ee728b)  -> (artifact id: '28efd3d9a8222b273010776bdb8a2b57') in 0.150675 seconds
  Import took 0.154902 seconds .

========================================================================
Received Import Request.
  Time since last request: 0.000155 seconds.
  path: Assets/Textures/VFX/DustMote.png
  artifactKey: Guid(394e93ce356b57344903a08ff72fcab2) Importer(815301076,1909f56bfc062723c751e8b465ee728b)
Start importing Assets/Textures/VFX/DustMote.png using Guid(394e93ce356b57344903a08ff72fcab2) Importer(815301076,1909f56bfc062723c751e8b465ee728b)  -> (artifact id: '1070a7482653cf4984c9f123e9077e00') in 0.024817 seconds
  Import took 0.028581 seconds .

========================================================================
Received Import Request.
  Time since last request: 0.000192 seconds.
  path: Assets/Textures/UI/Won.png
  artifactKey: Guid(623a7345ca6d38f4280b86c32ffe7c15) Importer(815301076,1909f56bfc062723c751e8b465ee728b)
Start importing Assets/Textures/UI/Won.png using Guid(623a7345ca6d38f4280b86c32ffe7c15) Importer(815301076,1909f56bfc062723c751e8b465ee728b)  -> (artifact id: '16782e0511a42204ac4bda5292da8b71') in 0.035392 seconds
  Import took 0.039105 seconds .

========================================================================
Received Import Request.
  Time since last request: 0.000187 seconds.
  path: Assets/Textures/VFX/DustMote.png
  artifactKey: Guid(394e93ce356b57344903a08ff72fcab2) Importer(815301076,1909f56bfc062723c751e8b465ee728b)
Start importing Assets/Textures/VFX/DustMote.png using Guid(394e93ce356b57344903a08ff72fcab2) Importer(815301076,1909f56bfc062723c751e8b465ee728b)  -> (artifact id: '1070a7482653cf4984c9f123e9077e00') in 0.017213 seconds
  Import took 0.023099 seconds .

========================================================================
Received Import Request.
  Time since last request: 0.000182 seconds.
  path: Assets/Textures/UI/Won.png
  artifactKey: Guid(623a7345ca6d38f4280b86c32ffe7c15) Importer(815301076,1909f56bfc062723c751e8b465ee728b)
Start importing Assets/Textures/UI/Won.png using Guid(623a7345ca6d38f4280b86c32ffe7c15) Importer(815301076,1909f56bfc062723c751e8b465ee728b)  -> (artifact id: '16782e0511a42204ac4bda5292da8b71') in 0.020280 seconds
  Import took 0.024499 seconds .

========================================================================
Received Import Request.
  Time since last request: 0.000321 seconds.
  path: Assets/Textures/UI/Caught.png
  artifactKey: Guid(85d46c7add1129741a0d78fadba6998e) Importer(815301076,1909f56bfc062723c751e8b465ee728b)
Start importing Assets/Textures/UI/Caught.png using Guid(85d46c7add1129741a0d78fadba6998e) Importer(815301076,1909f56bfc062723c751e8b465ee728b)  -> (artifact id: '28efd3d9a8222b273010776bdb8a2b57') in 0.023309 seconds
  Import took 0.027013 seconds .

========================================================================
Received Prepare
Registering precompiled user dll's ...
Registered in 0.015180 seconds.
Begin MonoManager ReloadAssembly
Native extension for WindowsStandalone target not found
Native extension for WebGL target not found
Refreshing native plugins compatible for Editor in 0.59 ms, found 0 plugins.
Preloading 0 native plugins for Editor in 0.00 ms.
Invoked RoslynAnalysisRunner static constructor.
RoslynAnalysisRunner will not be running.
RoslynAnalysisRunner has terminated.
Mono: successfully reloaded assembly
- Completed reload, in  1.828 seconds
Platform modules already initialized, skipping
Refreshing native plugins compatible for Editor in 0.56 ms, found 0 plugins.
Preloading 0 native plugins for Editor in 0.00 ms.
Unloading 1772 Unused Serialized files (Serialized files now loaded: 0)
System memory in use before: 157.7 MB.
System memory in use after: 157.8 MB.

Unloading 29 unused Assets to reduce memory usage. Loaded Objects now: 2288.
Total: 5.341400 ms (FindLiveObjects: 0.207300 ms CreateObjectMapping: 0.072600 ms MarkObjects: 5.033200 ms  DeleteObjects: 0.026800 ms)

========================================================================
Received Prepare
Registering precompiled user dll's ...
Registered in 0.004911 seconds.
Begin MonoManager ReloadAssembly
Native extension for WindowsStandalone target not found
Native extension for WebGL target not found
Refreshing native plugins compatible for Editor in 0.48 ms, found 0 plugins.
Preloading 0 native plugins for Editor in 0.00 ms.
Invoked RoslynAnalysisRunner static constructor.
RoslynAnalysisRunner will not be running.
RoslynAnalysisRunner has terminated.
Mono: successfully reloaded assembly
- Completed reload, in  0.970 seconds
Platform modules already initialized, skipping
Refreshing native plugins compatible for Editor in 0.77 ms, found 0 plugins.
Preloading 0 native plugins for Editor in 0.00 ms.
Unloading 1772 Unused Serialized files (Serialized files now loaded: 0)
System memory in use before: 157.7 MB.
System memory in use after: 157.8 MB.

Unloading 29 unused Assets to reduce memory usage. Loaded Objects now: 2291.
Total: 2.778600 ms (FindLiveObjects: 0.231000 ms CreateObjectMapping: 0.076100 ms MarkObjects: 2.419600 ms  DeleteObjects: 0.050000 ms)

========================================================================
Received Import Request.
  Time since last request: 3058.900772 seconds.
  path: Assets/Prefabs/Ghost.prefab
  artifactKey: Guid(703e64b4db21b194188ce36a4139af83) Importer(815301076,1909f56bfc062723c751e8b465ee728b)
Start importing Assets/Prefabs/Ghost.prefab using Guid(703e64b4db21b194188ce36a4139af83) Importer(815301076,1909f56bfc062723c751e8b465ee728b)  -> (artifact id: 'b065d21bdf676f011037bb237b2a9259') in 0.138257 seconds
  Import took 0.144247 seconds .

========================================================================
Received Import Request.
  Time since last request: 46.578737 seconds.
  path: Assets/Animation/Animators/Ghoist.controller
  artifactKey: Guid(3891d1680ef9005489050ce724abb180) Importer(815301076,1909f56bfc062723c751e8b465ee728b)
Start importing Assets/Animation/Animators/Ghoist.controller using Guid(3891d1680ef9005489050ce724abb180) Importer(815301076,1909f56bfc062723c751e8b465ee728b)  -> (artifact id: 'da028254e20b13eec5395dfa225b9a2f') in 0.012525 seconds
  Import took 0.016671 seconds .

========================================================================
Received Import Request.
  Time since last request: 119.549942 seconds.
  path: Assets/Animation/Animators/Ghost shower.controller
  artifactKey: Guid(a9911f9d0fa26654d945bb375ef95302) Importer(815301076,1909f56bfc062723c751e8b465ee728b)
Start importing Assets/Animation/Animators/Ghost shower.controller using Guid(a9911f9d0fa26654d945bb375ef95302) Importer(815301076,1909f56bfc062723c751e8b465ee728b)  -> (artifact id: '99122b8a63be9ff3f64513c85a2c71ca') in 0.013117 seconds
  Import took 0.017295 seconds .

========================================================================
Received Import Request.
  Time since last request: 12.645792 seconds.
  path: Assets/Animation/Animators/Ghost.controller
  artifactKey: Guid(3891d1680ef9005489050ce724abb180) Importer(815301076,1909f56bfc062723c751e8b465ee728b)
Start importing Assets/Animation/Animators/Ghost.controller using Guid(3891d1680ef9005489050ce724abb180) Importer(815301076,1909f56bfc062723c751e8b465ee728b)  -> (artifact id: '975c944326825b9036f5f7a0cab71da8') in 0.003863 seconds
  Import took 0.007603 seconds .

========================================================================
Received Import Request.
  Time since last request: 0.001582 seconds.
  path: Assets/Animation/Animators/Ghost.controller
  artifactKey: Guid(3891d1680ef9005489050ce724abb180) Importer(815301076,1909f56bfc062723c751e8b465ee728b)
Start importing Assets/Animation/Animators/Ghost.controller using Guid(3891d1680ef9005489050ce724abb180) Importer(815301076,1909f56bfc062723c751e8b465ee728b)  -> (artifact id: '975c944326825b9036f5f7a0cab71da8') in 0.005900 seconds
  Import took 0.010663 seconds .

========================================================================
Received Import Request.
  Time since last request: 296.014171 seconds.
  path: Assets/Prefabs/PointOfView.prefab
  artifactKey: Guid(1f7ef26ad8afc774e97b95bd51aa6590) Importer(815301076,1909f56bfc062723c751e8b465ee728b)
Start importing Assets/Prefabs/PointOfView.prefab using Guid(1f7ef26ad8afc774e97b95bd51aa6590) Importer(815301076,1909f56bfc062723c751e8b465ee728b)  -> (artifact id: '83487496c06de38899c5532ab1b23b58') in 0.013256 seconds
  Import took 0.018271 seconds .

========================================================================
Received Import Request.
  Time since last request: 260.728367 seconds.
  path: Assets/Scripts/WaypointPatrol.cs
  artifactKey: Guid(fdc0549f95f76a648a37e2bb0f9e9fc7) Importer(815301076,1909f56bfc062723c751e8b465ee728b)
Start importing Assets/Scripts/WaypointPatrol.cs using Guid(fdc0549f95f76a648a37e2bb0f9e9fc7) Importer(815301076,1909f56bfc062723c751e8b465ee728b)  -> (artifact id: 'ea4f0d3768715b14a1b2dc1a6ad84531') in 0.021068 seconds
  Import took 0.024983 seconds .

========================================================================
Received Import Request.
  Time since last request: 0.000770 seconds.
  path: Assets/Scripts/WaypointPatrol.cs
  artifactKey: Guid(fdc0549f95f76a648a37e2bb0f9e9fc7) Importer(815301076,1909f56bfc062723c751e8b465ee728b)
Start importing Assets/Scripts/WaypointPatrol.cs using Guid(fdc0549f95f76a648a37e2bb0f9e9fc7) Importer(815301076,1909f56bfc062723c751e8b465ee728b)  -> (artifact id: 'ea4f0d3768715b14a1b2dc1a6ad84531') in 0.016921 seconds
  Import took 0.035900 seconds .

========================================================================
Received Prepare
Registering precompiled user dll's ...
Registered in 0.006107 seconds.
Begin MonoManager ReloadAssembly
Native extension for WindowsStandalone target not found
Native extension for WebGL target not found
Refreshing native plugins compatible for Editor in 0.56 ms, found 0 plugins.
Preloading 0 native plugins for Editor in 0.00 ms.
Invoked RoslynAnalysisRunner static constructor.
RoslynAnalysisRunner will not be running.
RoslynAnalysisRunner has terminated.
Mono: successfully reloaded assembly
- Completed reload, in  1.085 seconds
Platform modules already initialized, skipping
Refreshing native plugins compatible for Editor in 0.48 ms, found 0 plugins.
Preloading 0 native plugins for Editor in 0.00 ms.
Unloading 1773 Unused Serialized files (Serialized files now loaded: 0)
System memory in use before: 157.8 MB.
System memory in use after: 157.9 MB.

Unloading 29 unused Assets to reduce memory usage. Loaded Objects now: 2296.
Total: 3.466600 ms (FindLiveObjects: 0.180100 ms CreateObjectMapping: 0.095400 ms MarkObjects: 3.149100 ms  DeleteObjects: 0.040300 ms)

========================================================================
Received Prepare
Registering precompiled user dll's ...
Registered in 0.006534 seconds.
Begin MonoManager ReloadAssembly
Native extension for WindowsStandalone target not found
Native extension for WebGL target not found
Refreshing native plugins compatible for Editor in 0.52 ms, found 0 plugins.
Preloading 0 native plugins for Editor in 0.00 ms.
Invoked RoslynAnalysisRunner static constructor.
RoslynAnalysisRunner will not be running.
RoslynAnalysisRunner has terminated.
Mono: successfully reloaded assembly
- Completed reload, in  0.957 seconds
Platform modules already initialized, skipping
Refreshing native plugins compatible for Editor in 0.86 ms, found 0 plugins.
Preloading 0 native plugins for Editor in 0.00 ms.
Unloading 1773 Unused Serialized files (Serialized files now loaded: 0)
System memory in use before: 157.8 MB.
System memory in use after: 157.9 MB.

Unloading 29 unused Assets to reduce memory usage. Loaded Objects now: 2299.
Total: 2.880100 ms (FindLiveObjects: 0.198700 ms CreateObjectMapping: 0.066000 ms MarkObjects: 2.571000 ms  DeleteObjects: 0.042800 ms)

========================================================================
Received Import Request.
  Time since last request: 338.963556 seconds.
  path: Assets/Scripts/WaypointPatrol.cs
  artifactKey: Guid(fdc0549f95f76a648a37e2bb0f9e9fc7) Importer(815301076,1909f56bfc062723c751e8b465ee728b)
Start importing Assets/Scripts/WaypointPatrol.cs using Guid(fdc0549f95f76a648a37e2bb0f9e9fc7) Importer(815301076,1909f56bfc062723c751e8b465ee728b)  -> (artifact id: 'ef2906eefe5741f23ce1095010ded77f') in 0.006027 seconds
  Import took 0.009586 seconds .

========================================================================
Received Prepare
Registering precompiled user dll's ...
Registered in 0.009666 seconds.
Begin MonoManager ReloadAssembly
Native extension for WindowsStandalone target not found
Native extension for WebGL target not found
Refreshing native plugins compatible for Editor in 0.70 ms, found 0 plugins.
Preloading 0 native plugins for Editor in 0.00 ms.
Invoked RoslynAnalysisRunner static constructor.
RoslynAnalysisRunner will not be running.
RoslynAnalysisRunner has terminated.
Mono: successfully reloaded assembly
- Completed reload, in  2.003 seconds
Platform modules already initialized, skipping
Refreshing native plugins compatible for Editor in 1.98 ms, found 0 plugins.
Preloading 0 native plugins for Editor in 0.00 ms.
Unloading 1773 Unused Serialized files (Serialized files now loaded: 0)
System memory in use before: 157.8 MB.
System memory in use after: 157.9 MB.

Unloading 29 unused Assets to reduce memory usage. Loaded Objects now: 2302.
Total: 4.081900 ms (FindLiveObjects: 0.655100 ms CreateObjectMapping: 0.129400 ms MarkObjects: 3.223600 ms  DeleteObjects: 0.071900 ms)

========================================================================
Received Prepare
Refreshing native plugins compatible for Editor in 8.98 ms, found 0 plugins.
Preloading 0 native plugins for Editor in 0.00 ms.
Unloading 26 Unused Serialized files (Serialized files now loaded: 0)
System memory in use before: 123.2 MB.
System memory in use after: 123.3 MB.

Unloading 26 unused Assets to reduce memory usage. Loaded Objects now: 2302.
Total: 4.806200 ms (FindLiveObjects: 0.221400 ms CreateObjectMapping: 0.073400 ms MarkObjects: 4.488300 ms  DeleteObjects: 0.021200 ms)

AssetImportParameters requested are different than current active one (requested -> active):
  colorSpace: 0 -> 1
========================================================================
Received Prepare
Registering precompiled user dll's ...
Registered in 0.005742 seconds.
Begin MonoManager ReloadAssembly
Native extension for WindowsStandalone target not found
Native extension for WebGL target not found
Refreshing native plugins compatible for Editor in 0.50 ms, found 0 plugins.
Preloading 0 native plugins for Editor in 0.00 ms.
Invoked RoslynAnalysisRunner static constructor.
RoslynAnalysisRunner will not be running.
RoslynAnalysisRunner has terminated.
Mono: successfully reloaded assembly
- Completed reload, in  4.381 seconds
Platform modules already initialized, skipping
Refreshing native plugins compatible for Editor in 1.55 ms, found 0 plugins.
Preloading 0 native plugins for Editor in 0.00 ms.
Unloading 1773 Unused Serialized files (Serialized files now loaded: 0)
System memory in use before: 157.8 MB.
System memory in use after: 157.9 MB.

Unloading 29 unused Assets to reduce memory usage. Loaded Objects now: 2305.
Total: 5.223300 ms (FindLiveObjects: 0.335900 ms CreateObjectMapping: 0.371800 ms MarkObjects: 4.488500 ms  DeleteObjects: 0.025300 ms)

AssetImportParameters requested are different than current active one (requested -> active):
  colorSpace: 0 -> 1
========================================================================
Received Prepare
Refreshing native plugins compatible for Editor in 14.27 ms, found 0 plugins.
Preloading 0 native plugins for Editor in 0.00 ms.
Unloading 26 Unused Serialized files (Serialized files now loaded: 0)
System memory in use before: 123.2 MB.
System memory in use after: 123.3 MB.

Unloading 26 unused Assets to reduce memory usage. Loaded Objects now: 2305.
Total: 2.571000 ms (FindLiveObjects: 0.246200 ms CreateObjectMapping: 0.385900 ms MarkObjects: 1.916500 ms  DeleteObjects: 0.020900 ms)

AssetImportParameters requested are different than current active one (requested -> active):
  colorSpace: 0 -> 1
========================================================================
Received Prepare
Refreshing native plugins compatible for Editor in 8.28 ms, found 0 plugins.
Preloading 0 native plugins for Editor in 0.00 ms.
Unloading 26 Unused Serialized files (Serialized files now loaded: 0)
System memory in use before: 122.2 MB.
System memory in use after: 122.3 MB.

Unloading 26 unused Assets to reduce memory usage. Loaded Objects now: 2305.
Total: 3.013900 ms (FindLiveObjects: 0.185200 ms CreateObjectMapping: 0.069900 ms MarkObjects: 2.736300 ms  DeleteObjects: 0.021000 ms)

AssetImportWorkerClient::OnTransportError - code=2 error=End of file
